<?xml version="1.0" encoding="UTF-8"?>
<!-- Generated by org.testng.reporters.JUnitXMLReporter -->
<testsuite ignored="0" hostname="WKWZTxsRv2TevUJ" failures="0" tests="4" name="Default test" time="75.499" errors="0" timestamp="2024-10-27T18:36:27 IST">
  <testcase classname="com.Test.FlightSearchTest" name="testEmptyFieldsValidation" time="7.511"/>
  <testcase classname="com.Test.FlightSearchTest" name="testFlightSearchDELToBOM" time="22.727"/>
  <testcase classname="com.Test.FlightSearchTest" name="testFlightSearchDELToBOM" time="22.75"/>
  <testcase classname="com.Test.FlightSearchTest" name="testSameOriginAndDestination" time="19.67"/>
</testsuite> <!-- Default test -->
